<?xml version="1.0" encoding="UTF-8"?>
<!-- Generated by org.testng.reporters.JUnitXMLReporter -->
<testsuite hostname="Jays-Mac-mini-3.local" ignored="0" name="Login" tests="1" failures="1" timestamp="2024-01-29T17:03:21 IST" time="0.06" errors="0">
  <testcase name="validLoginTest" time="0.009" classname="testPackage.LoginTest">
    <failure type="java.lang.NullPointerException">
      <![CDATA[java.lang.NullPointerException
at testPackage.LoginTest.validLoginTest(LoginTest.java:20)
at java.util.ArrayList.forEach(ArrayList.java:1257)
... Removed 27 stack frames]]>
    </failure>
  </testcase> <!-- validLoginTest -->
</testsuite> <!-- Login -->
