<?xml version="1.0" encoding="UTF-8"?>
<!-- Generated by org.testng.reporters.JUnitXMLReporter -->
<testsuite ignored="9" hostname="Jays-Mac-mini-3.local" failures="0" tests="10" name="Oilman" time="182.494" errors="0" timestamp="2024-02-23T15:37:55 IST">
  <testcase classname="testPackage.LoginTest" name="validLoginTest" time="21.869"/>
  <testcase classname="testPackage.CompanyAssetsTest" name="createCompany" time="18.66"/>
  <testcase classname="testPackage.CompanyAssetsTest" name="searchCompany" time="3.723"/>
  <testcase classname="testPackage.CompanyAssetsTest" name="editCompany" time="10.211"/>
  <testcase classname="testPackage.CompanyAssetsTest" name="deleteCompany" time="22.411"/>
  <testcase classname="testPackage.FieldAssetsTest" name="createField" time="30.645"/>
  <testcase classname="testPackage.FieldAssetsTest" name="searchFleld" time="4.586"/>
  <testcase classname="testPackage.FieldAssetsTest" name="editField" time="10.404"/>
  <testcase classname="testPackage.FieldAssetsTest" name="deleteField" time="23.499"/>
  <testcase classname="testPackage.LeaseAssetsTest" name="createLease" time="34.231"/>
  <testcase classname="testBase.TestBase" name="@BeforeTest initializeExtentReport" time="0.0">
    <ignored/>
  </testcase> <!-- @BeforeTest initializeExtentReport -->
  <testcase classname="testBase.TestBase" name="@BeforeTest initializeExtentReport" time="0.0">
    <ignored/>
  </testcase> <!-- @BeforeTest initializeExtentReport -->
  <testcase classname="testBase.TestBase" name="@BeforeTest initializeExtentReport" time="0.0">
    <ignored/>
  </testcase> <!-- @BeforeTest initializeExtentReport -->
  <testcase classname="testBase.TestBase" name="@BeforeSuite prerequisite" time="0.0">
    <ignored/>
  </testcase> <!-- @BeforeSuite prerequisite -->
  <testcase classname="testBase.TestBase" name="@BeforeSuite prerequisite" time="0.0">
    <ignored/>
  </testcase> <!-- @BeforeSuite prerequisite -->
  <testcase classname="testBase.TestBase" name="@BeforeSuite prerequisite" time="0.0">
    <ignored/>
  </testcase> <!-- @BeforeSuite prerequisite -->
  <testcase classname="testBase.TestBase" name="@AfterTest flush" time="0.0">
    <ignored/>
  </testcase> <!-- @AfterTest flush -->
  <testcase classname="testBase.TestBase" name="@AfterTest flush" time="0.0">
    <ignored/>
  </testcase> <!-- @AfterTest flush -->
  <testcase classname="testBase.TestBase" name="@AfterTest flush" time="0.0">
    <ignored/>
  </testcase> <!-- @AfterTest flush -->
</testsuite> <!-- Oilman -->
