<?xml version="1.0" encoding="UTF-8"?>
<!-- Generated by org.testng.reporters.JUnitXMLReporter -->
<testsuite hostname="Jays-Mac-mini-3.local" ignored="1" name="Test" tests="2" failures="1" timestamp="2024-01-29T16:49:23 IST" time="19.435" errors="0">
  <testcase name="validLoginTest" time="19.361" classname="testPackage.LoginTest"/>
  <testcase name="createCompany" time="0.003" classname="testPackage.AssetsTest">
    <failure type="java.lang.NullPointerException">
      <![CDATA[java.lang.NullPointerException
at testPackage.AssetsTest.createCompany(AssetsTest.java:13)
at java.util.ArrayList.forEach(ArrayList.java:1257)
... Removed 27 stack frames]]>
    </failure>
  </testcase> <!-- createCompany -->
  <testcase name="@BeforeSuite prerequisite" time="0.0" classname="testBase.TestBase">
    <ignored/>
  </testcase> <!-- @BeforeSuite prerequisite -->
</testsuite> <!-- Test -->
