<?xml version="1.0" encoding="UTF-8"?>
<testng-results ignored="9" total="19" passed="10" failed="0" skipped="0">
  <reporter-output>
  </reporter-output>
  <suite started-at="2024-02-23T15:34:52 IST" name="Suite" finished-at="2024-02-23T15:37:55 IST" duration-ms="182494">
    <groups>
    </groups>
    <test started-at="2024-02-23T15:34:52 IST" name="Oilman" finished-at="2024-02-23T15:37:55 IST" duration-ms="182494">
      <class name="testPackage.FieldAssetsTest">
        <test-method is-config="true" signature="assignObjectForClass()[pri:0, instance:testPackage.FieldAssetsTest@6d4d66d2]" started-at="2024-02-23T15:36:11 IST" name="assignObjectForClass" finished-at="2024-02-23T15:36:11 IST" duration-ms="8" status="PASS">
          <reporter-output>
          </reporter-output>
        </test-method> <!-- assignObjectForClass -->
        <test-method is-config="true" signature="seperateCase()[pri:0, instance:testPackage.FieldAssetsTest@6d4d66d2]" started-at="2024-02-23T15:36:11 IST" name="seperateCase" finished-at="2024-02-23T15:36:11 IST" duration-ms="1" status="PASS">
          <reporter-output>
          </reporter-output>
        </test-method> <!-- seperateCase -->
        <test-method signature="createField()[pri:0, instance:testPackage.FieldAssetsTest@6d4d66d2]" started-at="2024-02-23T15:36:11 IST" name="createField" description="Test create Field assets." finished-at="2024-02-23T15:36:41 IST" duration-ms="30645" status="PASS">
          <reporter-output>
          </reporter-output>
        </test-method> <!-- createField -->
        <test-method is-config="true" signature="seperateCase()[pri:0, instance:testPackage.FieldAssetsTest@6d4d66d2]" started-at="2024-02-23T15:36:41 IST" name="seperateCase" finished-at="2024-02-23T15:36:41 IST" duration-ms="1" status="PASS">
          <reporter-output>
          </reporter-output>
        </test-method> <!-- seperateCase -->
        <test-method signature="searchFleld()[pri:1, instance:testPackage.FieldAssetsTest@6d4d66d2]" started-at="2024-02-23T15:36:41 IST" name="searchFleld" description="Test Search Field." finished-at="2024-02-23T15:36:46 IST" duration-ms="4586" status="PASS">
          <reporter-output>
          </reporter-output>
        </test-method> <!-- searchFleld -->
        <test-method is-config="true" signature="seperateCase()[pri:0, instance:testPackage.FieldAssetsTest@6d4d66d2]" started-at="2024-02-23T15:36:46 IST" name="seperateCase" finished-at="2024-02-23T15:36:46 IST" duration-ms="2" status="PASS">
          <reporter-output>
          </reporter-output>
        </test-method> <!-- seperateCase -->
        <test-method signature="editField()[pri:2, instance:testPackage.FieldAssetsTest@6d4d66d2]" started-at="2024-02-23T15:36:46 IST" name="editField" description="Test edit Field assets." finished-at="2024-02-23T15:36:56 IST" duration-ms="10404" status="PASS">
          <reporter-output>
          </reporter-output>
        </test-method> <!-- editField -->
        <test-method is-config="true" signature="seperateCase()[pri:0, instance:testPackage.FieldAssetsTest@6d4d66d2]" started-at="2024-02-23T15:36:56 IST" name="seperateCase" finished-at="2024-02-23T15:36:56 IST" duration-ms="2" status="PASS">
          <reporter-output>
          </reporter-output>
        </test-method> <!-- seperateCase -->
        <test-method signature="deleteField()[pri:3, instance:testPackage.FieldAssetsTest@6d4d66d2]" started-at="2024-02-23T15:36:56 IST" name="deleteField" description="Test Delete Field assets." finished-at="2024-02-23T15:37:20 IST" duration-ms="23499" status="PASS">
          <reporter-output>
          </reporter-output>
        </test-method> <!-- deleteField -->
      </class> <!-- testPackage.FieldAssetsTest -->
      <class name="testPackage.CompanyAssetsTest">
        <test-method is-config="true" signature="assignObjectForClass()[pri:0, instance:testPackage.CompanyAssetsTest@7526515b]" started-at="2024-02-23T15:35:16 IST" name="assignObjectForClass" finished-at="2024-02-23T15:35:16 IST" duration-ms="36" status="PASS">
          <reporter-output>
          </reporter-output>
        </test-method> <!-- assignObjectForClass -->
        <test-method is-config="true" signature="seperateCase()[pri:0, instance:testPackage.CompanyAssetsTest@7526515b]" started-at="2024-02-23T15:35:16 IST" name="seperateCase" finished-at="2024-02-23T15:35:16 IST" duration-ms="2" status="PASS">
          <reporter-output>
          </reporter-output>
        </test-method> <!-- seperateCase -->
        <test-method signature="createCompany()[pri:0, instance:testPackage.CompanyAssetsTest@7526515b]" started-at="2024-02-23T15:35:16 IST" name="createCompany" description="Test create Company assets." finished-at="2024-02-23T15:35:34 IST" duration-ms="18660" status="PASS">
          <reporter-output>
          </reporter-output>
        </test-method> <!-- createCompany -->
        <test-method is-config="true" signature="seperateCase()[pri:0, instance:testPackage.CompanyAssetsTest@7526515b]" started-at="2024-02-23T15:35:34 IST" name="seperateCase" finished-at="2024-02-23T15:35:34 IST" duration-ms="1" status="PASS">
          <reporter-output>
          </reporter-output>
        </test-method> <!-- seperateCase -->
        <test-method signature="searchCompany()[pri:1, instance:testPackage.CompanyAssetsTest@7526515b]" started-at="2024-02-23T15:35:34 IST" name="searchCompany" description="Test Search company." finished-at="2024-02-23T15:35:38 IST" duration-ms="3723" status="PASS">
          <reporter-output>
          </reporter-output>
        </test-method> <!-- searchCompany -->
        <test-method is-config="true" signature="seperateCase()[pri:0, instance:testPackage.CompanyAssetsTest@7526515b]" started-at="2024-02-23T15:35:38 IST" name="seperateCase" finished-at="2024-02-23T15:35:38 IST" duration-ms="2" status="PASS">
          <reporter-output>
          </reporter-output>
        </test-method> <!-- seperateCase -->
        <test-method signature="editCompany()[pri:2, instance:testPackage.CompanyAssetsTest@7526515b]" started-at="2024-02-23T15:35:38 IST" name="editCompany" description="Test Edit Company assets." finished-at="2024-02-23T15:35:48 IST" duration-ms="10211" status="PASS">
          <reporter-output>
          </reporter-output>
        </test-method> <!-- editCompany -->
        <test-method is-config="true" signature="seperateCase()[pri:0, instance:testPackage.CompanyAssetsTest@7526515b]" started-at="2024-02-23T15:35:48 IST" name="seperateCase" finished-at="2024-02-23T15:35:48 IST" duration-ms="1" status="PASS">
          <reporter-output>
          </reporter-output>
        </test-method> <!-- seperateCase -->
        <test-method signature="deleteCompany()[pri:3, instance:testPackage.CompanyAssetsTest@7526515b]" started-at="2024-02-23T15:35:48 IST" name="deleteCompany" description="Test Delete Company assets." finished-at="2024-02-23T15:36:11 IST" duration-ms="22411" status="PASS">
          <reporter-output>
          </reporter-output>
        </test-method> <!-- deleteCompany -->
      </class> <!-- testPackage.CompanyAssetsTest -->
      <class name="testPackage.LeaseAssetsTest">
        <test-method is-config="true" signature="assignObjectForClass()[pri:0, instance:testPackage.LeaseAssetsTest@2a265ea9]" started-at="2024-02-23T15:37:20 IST" name="assignObjectForClass" finished-at="2024-02-23T15:37:20 IST" duration-ms="20" status="PASS">
          <reporter-output>
          </reporter-output>
        </test-method> <!-- assignObjectForClass -->
        <test-method is-config="true" signature="seperateCase()[pri:0, instance:testPackage.LeaseAssetsTest@2a265ea9]" started-at="2024-02-23T15:37:20 IST" name="seperateCase" finished-at="2024-02-23T15:37:20 IST" duration-ms="0" status="PASS">
          <reporter-output>
          </reporter-output>
        </test-method> <!-- seperateCase -->
        <test-method signature="createLease()[pri:0, instance:testPackage.LeaseAssetsTest@2a265ea9]" started-at="2024-02-23T15:37:20 IST" name="createLease" description="Test create Lease assets." finished-at="2024-02-23T15:37:54 IST" duration-ms="34231" status="PASS">
          <reporter-output>
          </reporter-output>
        </test-method> <!-- createLease -->
      </class> <!-- testPackage.LeaseAssetsTest -->
      <class name="testPackage.LoginTest">
        <test-method is-config="true" signature="prerequisite()[pri:0, instance:testPackage.LoginTest@2e385cce]" started-at="2024-02-23T15:34:38 IST" name="prerequisite" finished-at="2024-02-23T15:34:52 IST" duration-ms="14083" status="PASS">
          <reporter-output>
          </reporter-output>
        </test-method> <!-- prerequisite -->
        <test-method is-config="true" signature="initializeExtentReport()[pri:0, instance:testPackage.LoginTest@2e385cce]" started-at="2024-02-23T15:34:52 IST" name="initializeExtentReport" finished-at="2024-02-23T15:34:53 IST" duration-ms="765" status="PASS">
          <reporter-output>
          </reporter-output>
        </test-method> <!-- initializeExtentReport -->
        <test-method is-config="true" signature="assignObjectForClass()[pri:0, instance:testPackage.LoginTest@2e385cce]" started-at="2024-02-23T15:34:53 IST" name="assignObjectForClass" finished-at="2024-02-23T15:34:53 IST" duration-ms="120" status="PASS">
          <reporter-output>
          </reporter-output>
        </test-method> <!-- assignObjectForClass -->
        <test-method is-config="true" signature="seperateCase()[pri:0, instance:testPackage.LoginTest@2e385cce]" started-at="2024-02-23T15:34:54 IST" name="seperateCase" finished-at="2024-02-23T15:34:54 IST" duration-ms="2" status="PASS">
          <reporter-output>
          </reporter-output>
        </test-method> <!-- seperateCase -->
        <test-method signature="validLoginTest(java.util.Map)[pri:0, instance:testPackage.LoginTest@2e385cce]" started-at="2024-02-23T15:34:54 IST" name="validLoginTest" description="Test Valid Login" data-provider="LoginTestData" finished-at="2024-02-23T15:35:16 IST" duration-ms="21869" status="PASS">
          <params>
            <param index="0">
              <value>
                <![CDATA[{username=jay.soni+manager@openxcell.com, password=QA@12345}]]>
              </value>
            </param>
          </params>
          <reporter-output>
          </reporter-output>
        </test-method> <!-- validLoginTest -->
        <test-method is-config="true" signature="flush()[pri:0, instance:testPackage.LoginTest@2e385cce]" started-at="2024-02-23T15:37:54 IST" name="flush" finished-at="2024-02-23T15:37:55 IST" duration-ms="516" status="PASS">
          <reporter-output>
          </reporter-output>
        </test-method> <!-- flush -->
      </class> <!-- testPackage.LoginTest -->
    </test> <!-- Oilman -->
  </suite> <!-- Suite -->
</testng-results>
